Content-Type: text/plain; charset="utf-8"
MIME-Version: 1.0
Content-Transfer-Encoding: 7bit
Subject: Hello user1,You have requested a password reset for your
 account.Please click
 on the following link to reset your
 password:http://http://127.0.0.1:8000/reset/Mg/bmmjql-3e8a943d03a63231746a90c1fbdaaf58/This
 link will expire in  hours.Thanks,The FlowHub team
From: webmaster@localhost
To: kiryl.zh24@yahoo.com
Date: Fri, 14 Apr 2023 02:18:21 -0000
Message-ID: <168143870178.29715.9106066232151898125@kiryl-CREF-XX>


Hello user1,

You have requested a password reset for your account.

Please click on the following link to reset your password:

http://http://127.0.0.1:8000/reset/Mg/bmmjql-3e8a943d03a63231746a90c1fbdaaf58/

This link will expire in  hours.

Thanks,

The FlowHub team

-------------------------------------------------------------------------------
